<?xml version="1.0" encoding="UTF-8"?>
<!-- Generated by org.testng.reporters.JUnitXMLReporter -->
<testsuite ignored="0" hostname="UFODI-SanjayU" failures="0" tests="5" name="Default test" time="28.387" errors="0" timestamp="2026-08-27T19:17:20 IST">
  <testcase classname="com.demoapp.testScripts.WebTable" name="WT001_Verify_WebTable_is_displayed" time="2.785"/>
  <testcase classname="com.demoapp.testScripts.WebTable" name="WT002_Verify_total_number_of_rows" time="1.306"/>
  <testcase classname="com.demoapp.testScripts.WebTable" name="WT003_Verify_total_number_of_columns" time="1.454"/>
  <testcase classname="com.demoapp.testScripts.WebTable" name="WT004_Verify_data_in_a_specific_row" time="4.014"/>
  <testcase classname="com.demoapp.testScripts.WebTable" name="WT005_Verify_Item_Price_in_Table" time="3.059"/>
</testsuite> <!-- Default test -->
