<?xml version="1.0" encoding="UTF-8"?>
<!-- Generated by org.testng.reporters.JUnitXMLReporter -->
<testsuite ignored="5" hostname="UFODI-SanjayU" failures="0" tests="1" name="Default test" time="57.822" errors="0" timestamp="2026-08-31T17:22:17 IST">
  <testcase classname="com.demoapp.testScripts.WebTable" name="WT006_Verify_Dynamic_Item_Price_in_Table" time="9.097"/>
  <testcase classname="com.demoapp.testScripts.WebTable" name="WT003_Verify_total_number_of_columns" time="0.0">
    <ignored/>
  </testcase> <!-- WT003_Verify_total_number_of_columns -->
  <testcase classname="com.demoapp.testScripts.WebTable" name="WT002_Verify_total_number_of_rows" time="0.0">
    <ignored/>
  </testcase> <!-- WT002_Verify_total_number_of_rows -->
  <testcase classname="com.demoapp.testScripts.WebTable" name="WT005_Verify_Item_Price_in_Table" time="0.0">
    <ignored/>
  </testcase> <!-- WT005_Verify_Item_Price_in_Table -->
  <testcase classname="com.demoapp.testScripts.WebTable" name="WT001_Verify_WebTable_is_displayed" time="0.0">
    <ignored/>
  </testcase> <!-- WT001_Verify_WebTable_is_displayed -->
  <testcase classname="com.demoapp.testScripts.WebTable" name="WT004_Verify_data_in_a_specific_row" time="0.0">
    <ignored/>
  </testcase> <!-- WT004_Verify_data_in_a_specific_row -->
</testsuite> <!-- Default test -->
