<?xml version="1.0" encoding="UTF-8"?>
<!-- Generated by org.testng.reporters.JUnitXMLReporter -->
<testsuite ignored="0" hostname="sanjayu" failures="0" tests="2" name="Regression_Suite" time="3.648" errors="0" timestamp="2026-07-16T17:30:45 IST">
  <testcase classname="com.ufoframez.testScripts.Login" name="LT02_Verify_Invalid_DSALogin" time="1.197"/>
  <testcase classname="com.ufoframez.testScripts.Login" name="LT01_Verify_Valid_DSALogin" time="1.601"/>
</testsuite> <!-- Regression_Suite -->
