<?xml version="1.0" encoding="UTF-8"?>
<!-- Generated by org.testng.reporters.JUnitXMLReporter -->
<testsuite ignored="0" hostname="UFODI-SanjayU" failures="0" tests="7" name="Regression_Suite" time="7.204" errors="0" timestamp="2026-08-02T20:09:53 IST">
  <testcase classname="com.demoapp.testBase.TestBase" name="@BeforeMethod navigateToURL" time="0.019">
    <failure type="java.lang.RuntimeException" message="Driver is not initialized. Call initDriver() first.">
      <![CDATA[java.lang.RuntimeException: Driver is not initialized. Call initDriver() first.
at com.demoapp.drivers.DriverFactory.getDriver(DriverFactory.java:28)
at com.demoapp.testBase.TestBase.navigateToURL(TestBase.java:65)
at java.base/java.util.concurrent.Executors$RunnableAdapter.call(Executors.java:572)
at java.base/java.util.concurrent.FutureTask.run(FutureTask.java:317)
at java.base/java.util.concurrent.ThreadPoolExecutor.runWorker(ThreadPoolExecutor.java:1144)
at java.base/java.util.concurrent.ThreadPoolExecutor$Worker.run(ThreadPoolExecutor.java:642)
at java.base/java.lang.Thread.run(Thread.java:1583)
... Removed 15 stack frames]]>
    </failure>
  </testcase> <!-- @BeforeMethod navigateToURL -->
  <testcase classname="com.demoapp.testBase.TestBase" name="@BeforeMethod navigateToURL" time="0.011">
    <failure type="java.lang.RuntimeException" message="Driver is not initialized. Call initDriver() first.">
      <![CDATA[java.lang.RuntimeException: Driver is not initialized. Call initDriver() first.
at com.demoapp.drivers.DriverFactory.getDriver(DriverFactory.java:28)
at com.demoapp.testBase.TestBase.navigateToURL(TestBase.java:65)
at java.base/java.util.concurrent.Executors$RunnableAdapter.call(Executors.java:572)
at java.base/java.util.concurrent.FutureTask.run(FutureTask.java:317)
at java.base/java.util.concurrent.ThreadPoolExecutor.runWorker(ThreadPoolExecutor.java:1144)
at java.base/java.util.concurrent.ThreadPoolExecutor$Worker.run(ThreadPoolExecutor.java:642)
at java.base/java.lang.Thread.run(Thread.java:1583)
... Removed 15 stack frames]]>
    </failure>
  </testcase> <!-- @BeforeMethod navigateToURL -->
  <testcase classname="com.demoapp.testBase.TestBase" name="@BeforeMethod navigateToURL" time="0.027">
    <failure type="java.lang.RuntimeException" message="Driver is not initialized. Call initDriver() first.">
      <![CDATA[java.lang.RuntimeException: Driver is not initialized. Call initDriver() first.
at com.demoapp.drivers.DriverFactory.getDriver(DriverFactory.java:28)
at com.demoapp.testBase.TestBase.navigateToURL(TestBase.java:65)
at java.base/java.util.concurrent.Executors$RunnableAdapter.call(Executors.java:572)
at java.base/java.util.concurrent.FutureTask.run(FutureTask.java:317)
at java.base/java.util.concurrent.ThreadPoolExecutor.runWorker(ThreadPoolExecutor.java:1144)
at java.base/java.util.concurrent.ThreadPoolExecutor$Worker.run(ThreadPoolExecutor.java:642)
at java.base/java.lang.Thread.run(Thread.java:1583)
... Removed 15 stack frames]]>
    </failure>
  </testcase> <!-- @BeforeMethod navigateToURL -->
  <testcase classname="com.demoapp.testBase.TestBase" name="@BeforeMethod navigateToURL" time="0.015">
    <failure type="java.lang.RuntimeException" message="Driver is not initialized. Call initDriver() first.">
      <![CDATA[java.lang.RuntimeException: Driver is not initialized. Call initDriver() first.
at com.demoapp.drivers.DriverFactory.getDriver(DriverFactory.java:28)
at com.demoapp.testBase.TestBase.navigateToURL(TestBase.java:65)
at java.base/java.util.concurrent.Executors$RunnableAdapter.call(Executors.java:572)
at java.base/java.util.concurrent.FutureTask.run(FutureTask.java:317)
at java.base/java.util.concurrent.ThreadPoolExecutor.runWorker(ThreadPoolExecutor.java:1144)
at java.base/java.util.concurrent.ThreadPoolExecutor$Worker.run(ThreadPoolExecutor.java:642)
at java.base/java.lang.Thread.run(Thread.java:1583)
... Removed 15 stack frames]]>
    </failure>
  </testcase> <!-- @BeforeMethod navigateToURL -->
  <testcase classname="com.demoapp.testBase.TestBase" name="@BeforeMethod navigateToURL" time="0.0">
    <skipped/>
  </testcase> <!-- @BeforeMethod navigateToURL -->
  <testcase classname="com.demoapp.testBase.TestBase" name="@BeforeMethod navigateToURL" time="0.0">
    <skipped/>
  </testcase> <!-- @BeforeMethod navigateToURL -->
  <testcase classname="com.demoapp.testBase.TestBase" name="@AfterClass tearDown" time="0.0">
    <skipped/>
  </testcase> <!-- @AfterClass tearDown -->
  <testcase classname="com.demoapp.testScripts.TextField" name="TF03_Verify_Login_With_Invalid_Credentials" time="0.0">
    <skipped/>
  </testcase> <!-- TF03_Verify_Login_With_Invalid_Credentials -->
  <testcase classname="com.demoapp.testScripts.TextField" name="TF04_Verify_Login_With_Valid_Credentials_WithOut_Placeholders" time="0.0">
    <skipped/>
  </testcase> <!-- TF04_Verify_Login_With_Valid_Credentials_WithOut_Placeholders -->
  <testcase classname="com.demoapp.testScripts.TextField" name="TF05_Verify_Login_With_Valid_Credentials_With_ToolTip" time="0.0">
    <skipped/>
  </testcase> <!-- TF05_Verify_Login_With_Valid_Credentials_With_ToolTip -->
  <testcase classname="com.demoapp.testScripts.TextField" name="TF02_Verify_Login_With_Valid_Credentials" time="0.0">
    <skipped/>
  </testcase> <!-- TF02_Verify_Login_With_Valid_Credentials -->
  <testcase classname="com.demoapp.testScripts.TextField" name="TF06_Verify_Login_With_Valid_Credentials_With_ToolTip" time="0.0">
    <skipped/>
  </testcase> <!-- TF06_Verify_Login_With_Valid_Credentials_With_ToolTip -->
  <testcase classname="com.demoapp.testScripts.TextField" name="TF07_Verify_SQLInjection_In_Name_Field" time="0.0">
    <skipped/>
  </testcase> <!-- TF07_Verify_SQLInjection_In_Name_Field -->
  <testcase classname="com.demoapp.testScripts.TextField" name="TF01_Verify_Registration_Of_New_User" time="0.0">
    <skipped/>
  </testcase> <!-- TF01_Verify_Registration_Of_New_User -->
</testsuite> <!-- Regression_Suite -->
