<?xml version="1.0" encoding="UTF-8"?>
<testng-results ignored="0" total="3" passed="3" failed="0" skipped="0">
  <reporter-output>
  </reporter-output>
  <suite started-at="2026-08-03T18:32:42 IST" name="Default suite" finished-at="2026-08-03T18:33:08 IST" duration-ms="26200">
    <groups>
    </groups>
    <test started-at="2026-08-03T18:32:42 IST" name="Default test" finished-at="2026-08-03T18:33:08 IST" duration-ms="26200">
      <class name="com.demoapp.testScripts.SlideBar">
        <test-method is-config="true" signature="connectDatabase()[pri:0, instance:com.demoapp.testScripts.SlideBar@142eef62]" started-at="2026-08-03T18:32:39 IST" name="connectDatabase" finished-at="2026-08-03T18:32:42 IST" duration-ms="2834" status="PASS">
          <reporter-output>
          </reporter-output>
        </test-method> <!-- connectDatabase -->
        <test-method is-config="true" signature="setUp()[pri:0, instance:com.demoapp.testScripts.SlideBar@142eef62]" started-at="2026-08-03T18:32:42 IST" name="setUp" finished-at="2026-08-03T18:32:53 IST" duration-ms="11272" status="PASS">
          <reporter-output>
          </reporter-output>
        </test-method> <!-- setUp -->
        <test-method is-config="true" signature="navigateToURL()[pri:0, instance:com.demoapp.testScripts.SlideBar@142eef62]" started-at="2026-08-03T18:32:53 IST" name="navigateToURL" finished-at="2026-08-03T18:32:54 IST" duration-ms="1425" status="PASS">
          <reporter-output>
          </reporter-output>
        </test-method> <!-- navigateToURL -->
        <test-method signature="SB01_Move_Slidebar_Using_Actions_Class()[pri:1, instance:com.demoapp.testScripts.SlideBar@142eef62]" started-at="2026-08-03T18:32:54 IST" name="SB01_Move_Slidebar_Using_Actions_Class" finished-at="2026-08-03T18:32:57 IST" duration-ms="2657" status="PASS">
          <reporter-output>
          </reporter-output>
        </test-method> <!-- SB01_Move_Slidebar_Using_Actions_Class -->
        <test-method is-config="true" signature="navigateToURL()[pri:0, instance:com.demoapp.testScripts.SlideBar@142eef62]" started-at="2026-08-03T18:32:57 IST" name="navigateToURL" finished-at="2026-08-03T18:32:57 IST" duration-ms="243" status="PASS">
          <reporter-output>
          </reporter-output>
        </test-method> <!-- navigateToURL -->
        <test-method signature="SB02_Move_Slidebar_Using_Click_and_Hold()[pri:2, instance:com.demoapp.testScripts.SlideBar@142eef62]" started-at="2026-08-03T18:32:57 IST" name="SB02_Move_Slidebar_Using_Click_and_Hold" finished-at="2026-08-03T18:32:59 IST" duration-ms="1218" status="PASS">
          <reporter-output>
          </reporter-output>
        </test-method> <!-- SB02_Move_Slidebar_Using_Click_and_Hold -->
        <test-method is-config="true" signature="navigateToURL()[pri:0, instance:com.demoapp.testScripts.SlideBar@142eef62]" started-at="2026-08-03T18:32:59 IST" name="navigateToURL" finished-at="2026-08-03T18:32:59 IST" duration-ms="80" status="PASS">
          <reporter-output>
          </reporter-output>
        </test-method> <!-- navigateToURL -->
        <test-method signature="SB03_Move_Slidebar_Using_Keyboard_Keys()[pri:3, instance:com.demoapp.testScripts.SlideBar@142eef62]" started-at="2026-08-03T18:32:59 IST" name="SB03_Move_Slidebar_Using_Keyboard_Keys" finished-at="2026-08-03T18:33:02 IST" duration-ms="3373" status="PASS">
          <reporter-output>
          </reporter-output>
        </test-method> <!-- SB03_Move_Slidebar_Using_Keyboard_Keys -->
        <test-method is-config="true" signature="tearDown()[pri:0, instance:com.demoapp.testScripts.SlideBar@142eef62]" started-at="2026-08-03T18:33:02 IST" name="tearDown" finished-at="2026-08-03T18:33:08 IST" duration-ms="5744" status="PASS">
          <reporter-output>
          </reporter-output>
        </test-method> <!-- tearDown -->
        <test-method is-config="true" signature="closeDatabase()[pri:0, instance:com.demoapp.testScripts.SlideBar@142eef62]" started-at="2026-08-03T18:33:10 IST" name="closeDatabase" finished-at="2026-08-03T18:33:10 IST" duration-ms="2" status="PASS">
          <reporter-output>
          </reporter-output>
        </test-method> <!-- closeDatabase -->
      </class> <!-- com.demoapp.testScripts.SlideBar -->
    </test> <!-- Default test -->
  </suite> <!-- Default suite -->
</testng-results>
