<?xml version="1.0" encoding="UTF-8"?>
<testng-results ignored="3" total="4" passed="0" failed="1" skipped="0">
  <reporter-output>
  </reporter-output>
  <suite started-at="2026-08-26T19:17:33 IST" name="Default suite" finished-at="2026-08-26T19:17:46 IST" duration-ms="12852">
    <groups>
      <group name="Smoke">
        <method signature="WebTable.WT004_Verify_data_in_a_specific_row()[pri:4, instance:com.demoapp.testScripts.WebTable@61322f9d]" name="WT004_Verify_data_in_a_specific_row" class="com.demoapp.testScripts.WebTable"/>
      </group> <!-- Smoke -->
    </groups>
    <test started-at="2026-08-26T19:17:33 IST" name="Default test" finished-at="2026-08-26T19:17:46 IST" duration-ms="12852">
      <class name="com.demoapp.testScripts.WebTable">
        <test-method is-config="true" signature="connectDatabase()[pri:0, instance:com.demoapp.testScripts.WebTable@61322f9d]" started-at="2026-08-26T19:17:31 IST" name="connectDatabase" finished-at="2026-08-26T19:17:33 IST" duration-ms="1351" status="PASS">
          <reporter-output>
          </reporter-output>
        </test-method> <!-- connectDatabase -->
        <test-method is-config="true" signature="setUp()[pri:0, instance:com.demoapp.testScripts.WebTable@61322f9d]" started-at="2026-08-26T19:17:33 IST" name="setUp" finished-at="2026-08-26T19:17:41 IST" duration-ms="7973" status="PASS">
          <reporter-output>
          </reporter-output>
        </test-method> <!-- setUp -->
        <test-method is-config="true" signature="navigateToURL()[pri:0, instance:com.demoapp.testScripts.WebTable@61322f9d]" started-at="2026-08-26T19:17:41 IST" name="navigateToURL" finished-at="2026-08-26T19:17:42 IST" duration-ms="1195" status="PASS">
          <reporter-output>
          </reporter-output>
        </test-method> <!-- navigateToURL -->
        <test-method signature="WT004_Verify_data_in_a_specific_row()[pri:4, instance:com.demoapp.testScripts.WebTable@61322f9d]" started-at="2026-08-26T19:17:42 IST" name="WT004_Verify_data_in_a_specific_row" finished-at="2026-08-26T19:17:45 IST" duration-ms="2416" status="FAIL">
          <exception class="java.lang.AssertionError">
            <message>
              <![CDATA[The following asserts failed:
expected [true] but found [false]]]>
            </message>
            <full-stacktrace>
              <![CDATA[java.lang.AssertionError: The following asserts failed:
expected [true] but found [false]
at org.testng.asserts.SoftAssert.assertAll(SoftAssert.java:46)
at org.testng.asserts.SoftAssert.assertAll(SoftAssert.java:30)
at com.demoapp.testScripts.WebTable.WT004_Verify_data_in_a_specific_row(WebTable.java:142)
at java.base/jdk.internal.reflect.DirectMethodHandleAccessor.invoke(DirectMethodHandleAccessor.java:103)
at java.base/java.lang.reflect.Method.invoke(Method.java:580)
at org.testng.internal.invokers.MethodInvocationHelper.invokeMethod(MethodInvocationHelper.java:141)
at org.testng.internal.invokers.TestInvoker.invokeMethod(TestInvoker.java:697)
at org.testng.internal.invokers.TestInvoker.invokeTestMethod(TestInvoker.java:230)
at org.testng.internal.invokers.MethodRunner.runInSequence(MethodRunner.java:63)
at org.testng.internal.invokers.TestInvoker$MethodInvocationAgent.invoke(TestInvoker.java:1005)
at org.testng.internal.invokers.TestInvoker.invokeTestMethods(TestInvoker.java:203)
at org.testng.internal.invokers.TestMethodWorker.invokeTestMethods(TestMethodWorker.java:154)
at org.testng.internal.invokers.TestMethodWorker.run(TestMethodWorker.java:134)
at java.base/java.util.ArrayList.forEach(ArrayList.java:1596)
at org.testng.TestRunner.privateRun(TestRunner.java:744)
at org.testng.TestRunner.run(TestRunner.java:616)
at org.testng.SuiteRunner.runTest(SuiteRunner.java:421)
at org.testng.SuiteRunner.runSequentially(SuiteRunner.java:413)
at org.testng.SuiteRunner.privateRun(SuiteRunner.java:373)
at org.testng.SuiteRunner.run(SuiteRunner.java:312)
at org.testng.SuiteRunnerWorker.runSuite(SuiteRunnerWorker.java:52)
at org.testng.SuiteRunnerWorker.run(SuiteRunnerWorker.java:95)
at org.testng.TestNG.runSuitesSequentially(TestNG.java:1274)
at org.testng.TestNG.runSuitesLocally(TestNG.java:1208)
at org.testng.TestNG.runSuites(TestNG.java:1112)
at org.testng.TestNG.run(TestNG.java:1079)
at org.testng.remote.AbstractRemoteTestNG.run(AbstractRemoteTestNG.java:115)
at org.testng.remote.RemoteTestNG.initAndRun(RemoteTestNG.java:293)
at org.testng.remote.RemoteTestNG.main(RemoteTestNG.java:91)
]]>
            </full-stacktrace>
          </exception> <!-- java.lang.AssertionError -->
          <reporter-output>
          </reporter-output>
        </test-method> <!-- WT004_Verify_data_in_a_specific_row -->
        <test-method is-config="true" signature="tearDown()[pri:0, instance:com.demoapp.testScripts.WebTable@61322f9d]" started-at="2026-08-26T19:17:45 IST" name="tearDown" finished-at="2026-08-26T19:17:46 IST" duration-ms="901" status="PASS">
          <reporter-output>
          </reporter-output>
        </test-method> <!-- tearDown -->
        <test-method is-config="true" signature="closeDatabase()[pri:0, instance:com.demoapp.testScripts.WebTable@61322f9d]" started-at="2026-08-26T19:17:47 IST" name="closeDatabase" finished-at="2026-08-26T19:17:47 IST" duration-ms="5" status="PASS">
          <reporter-output>
          </reporter-output>
        </test-method> <!-- closeDatabase -->
      </class> <!-- com.demoapp.testScripts.WebTable -->
    </test> <!-- Default test -->
  </suite> <!-- Default suite -->
</testng-results>
