<?xml version="1.0" encoding="UTF-8"?>
<!-- Generated by org.testng.reporters.JUnitReportReporter -->
<testsuite hostname="UFODI-SanjayU" failures="0" tests="2" name="com.demoapp.testScripts.Image" time="13.890" errors="0" timestamp="2026-08-03T17:21:30 IST" skipped="0">
  <testcase classname="com.demoapp.testScripts.Image" name="IM02_Verify_Weather_Image_Is_Clickable" time="11.882"/>
  <testcase classname="com.demoapp.testScripts.Image" name="IM01_Verify_width_and_height_of_an_image" time="2.008"/>
</testsuite> <!-- com.demoapp.testScripts.Image -->
