<?xml version="1.0" encoding="UTF-8"?>
<!-- Generated by org.testng.reporters.JUnitReportReporter -->
<testsuite hostname="UFODI-SanjayU" failures="0" tests="3" name="com.demoapp.testScripts.TextField" time="29.546" errors="0" timestamp="2026-07-29T11:07:28 IST" skipped="0">
  <testcase classname="com.demoapp.testScripts.TextField" name="TF01_Verify_Registration_Of_New_User" time="10.676"/>
  <testcase classname="com.demoapp.testScripts.TextField" name="TF02_Verify_Login_With_Valid_Credentials" time="8.129"/>
  <testcase classname="com.demoapp.testScripts.TextField" name="TF03_Verify_Login_With_Invalid_Credentials" time="10.741"/>
</testsuite> <!-- com.demoapp.testScripts.TextField -->
