<?xml version="1.0" encoding="UTF-8"?>
<!-- Generated by org.testng.reporters.JUnitReportReporter -->
<testsuite hostname="sanjayu" failures="0" tests="2" name="com.ufoframez.testScripts.Login" time="6.707" errors="0" timestamp="2026-07-16T17:30:46 IST" skipped="0">
  <testcase classname="com.ufoframez.testScripts.Login" name="LT02_Verify_Invalid_DSALogin" time="3.091"/>
  <testcase classname="com.ufoframez.testScripts.Login" name="LT01_Verify_Valid_DSALogin" time="3.616"/>
</testsuite> <!-- com.ufoframez.testScripts.Login -->
