<?xml version="1.0" encoding="UTF-8"?>
<!-- Generated by org.testng.reporters.JUnitReportReporter -->
<testsuite hostname="UFODI-SanjayU" failures="0" tests="5" name="com.demoapp.testScripts.WebTable" time="15.665" errors="0" timestamp="2026-08-27T19:17:20 IST" skipped="0">
  <testcase classname="com.demoapp.testScripts.WebTable" name="WT001_Verify_WebTable_is_displayed" time="5.311"/>
  <testcase classname="com.demoapp.testScripts.WebTable" name="WT002_Verify_total_number_of_rows" time="1.461"/>
  <testcase classname="com.demoapp.testScripts.WebTable" name="WT003_Verify_total_number_of_columns" time="1.553"/>
  <testcase classname="com.demoapp.testScripts.WebTable" name="WT004_Verify_data_in_a_specific_row" time="4.107"/>
  <testcase classname="com.demoapp.testScripts.WebTable" name="WT005_Verify_Item_Price_in_Table" time="3.233"/>
</testsuite> <!-- com.demoapp.testScripts.WebTable -->
