<?xml version="1.0" encoding="UTF-8"?>
<!-- Generated by org.testng.reporters.JUnitReportReporter -->
<testsuite hostname="UFODI-SanjayU" failures="0" tests="3" name="com.demoapp.testScripts.SlideBar" time="15.533" errors="0" timestamp="2026-08-26T16:45:09 IST" skipped="0">
  <testcase classname="com.demoapp.testScripts.SlideBar" name="SB01_Move_Slidebar_Using_Actions_Class" time="5.378"/>
  <testcase classname="com.demoapp.testScripts.SlideBar" name="SB02_Move_Slidebar_Using_Click_and_Hold" time="5.080"/>
  <testcase classname="com.demoapp.testScripts.SlideBar" name="SB03_Move_Slidebar_Using_Keyboard_Keys" time="5.075"/>
</testsuite> <!-- com.demoapp.testScripts.SlideBar -->
