<?xml version="1.0" encoding="UTF-8"?>
<!-- Generated by org.testng.reporters.JUnitReportReporter -->
<testsuite hostname="sanjayu" failures="0" tests="2" name="testtheatrebusiness.testScripts.RawMaterial_Master" time="12.222" errors="0" timestamp="2026-06-19T18:53:50 IST" skipped="0">
  <testcase classname="testtheatrebusiness.testScripts.RawMaterial_Master" name="RW_01_Verify_RawMaterial_Creation" time="5.823"/>
  <testcase classname="testtheatrebusiness.testScripts.RawMaterial_Master" name="RW_02_Verify_RawMaterial_Deletion" time="6.399"/>
</testsuite> <!-- testtheatrebusiness.testScripts.RawMaterial_Master -->
