<?xml version="1.0" encoding="UTF-8"?>
<!-- Generated by org.testng.reporters.JUnitReportReporter -->
<testsuite hostname="UFODI-SanjayU" failures="0" tests="3" name="com.demoapp.testScripts.SlideBar" time="8.996" errors="0" timestamp="2026-08-03T18:33:10 IST" skipped="0">
  <testcase classname="com.demoapp.testScripts.SlideBar" name="SB01_Move_Slidebar_Using_Actions_Class" time="4.082"/>
  <testcase classname="com.demoapp.testScripts.SlideBar" name="SB02_Move_Slidebar_Using_Click_and_Hold" time="1.461"/>
  <testcase classname="com.demoapp.testScripts.SlideBar" name="SB03_Move_Slidebar_Using_Keyboard_Keys" time="3.453"/>
</testsuite> <!-- com.demoapp.testScripts.SlideBar -->
